# JRE version: OpenJDK Runtime Environment (17.0.10) (build 17.0.10+0--11572160)
# Java VM: OpenJDK 64-Bit Server VM (17.0.10+0--11572160, mixed mode, tiered, compressed oops, compressed class ptrs, g1 gc, windows-amd64)
GC Precious Log:
 CPUs: 4 total, 4 available
 Memory: 8071M
 Large Page Support: Disabled
 NUMA Support: Disabled
 Compressed Oops: Enabled (32-bit)
 Heap Region Size: 1M
 Heap Min Capacity: 8M
 Heap Initial Capacity: 128M
 Heap Max Capacity: 2G
 Pre-touch: Disabled
 Parallel Workers: 4
 Concurrent Workers: 1
 Concurrent Refinement Workers: 4
 Periodic GC: Disabled
Heap:
 garbage-first heap   total 396288K, used 333109K [0x0000000080000000, 0x0000000100000000)
  region size 1024K, 153 young (156672K), 14 survivors (14336K)
 Metaspace       used 125122K, committed 126144K, reserved 1179648K
  class space    used 16905K, committed 17344K, reserved 1048576K
GC Heap History (20 events):
Event: 20.542 GC heap after
{Heap after GC invocations=36 (full 0):
 garbage-first heap   total 166912K, used 90238K [0x0000000080000000, 0x0000000100000000)
  region size 1024K, 2 young (2048K), 2 survivors (2048K)
 Metaspace       used 86819K, committed 87488K, reserved 1179648K
  class space    used 11826K, committed 12096K, reserved 1048576K
}
Event: 20.659 GC heap before
{Heap before GC invocations=36 (full 0):
 garbage-first heap   total 166912K, used 95358K [0x0000000080000000, 0x0000000100000000)
  region size 1024K, 8 young (8192K), 2 survivors (2048K)
 Metaspace       used 87250K, committed 87936K, reserved 1179648K
  class space    used 11910K, committed 12224K, reserved 1048576K
}
Event: 20.666 GC heap after
{Heap after GC invocations=37 (full 0):
 garbage-first heap   total 396288K, used 89194K [0x0000000080000000, 0x0000000100000000)
  region size 1024K, 1 young (1024K), 1 survivors (1024K)
 Metaspace       used 87250K, committed 87936K, reserved 1179648K
  class space    used 11910K, committed 12224K, reserved 1048576K
}
Event: 107.316 GC heap before
{Heap before GC invocations=37 (full 0):
 garbage-first heap   total 396288K, used 306282K [0x0000000080000000, 0x0000000100000000)
  region size 1024K, 213 young (218112K), 1 survivors (1024K)
 Metaspace       used 101417K, committed 102208K, reserved 1179648K
  class space    used 13955K, committed 14336K, reserved 1048576K
}
Event: 107.339 GC heap after
{Heap after GC invocations=38 (full 0):
 garbage-first heap   total 396288K, used 100371K [0x0000000080000000, 0x0000000100000000)
  region size 1024K, 12 young (12288K), 12 survivors (12288K)
 Metaspace       used 101417K, committed 102208K, reserved 1179648K
  class space    used 13955K, committed 14336K, reserved 1048576K
}
Event: 134.006 GC heap before
{Heap before GC invocations=38 (full 0):
 garbage-first heap   total 396288K, used 350227K [0x0000000080000000, 0x0000000100000000)
  region size 1024K, 216 young (221184K), 12 survivors (12288K)
 Metaspace       used 111861K, committed 112832K, reserved 1179648K
  class space    used 15234K, committed 15680K, reserved 1048576K
}
Event: 134.049 GC heap after
{Heap after GC invocations=39 (full 0):
 garbage-first heap   total 396288K, used 155291K [0x0000000080000000, 0x0000000100000000)
  region size 1024K, 27 young (27648K), 27 survivors (27648K)
 Metaspace       used 111861K, committed 112832K, reserved 1179648K
  class space    used 15234K, committed 15680K, reserved 1048576K
}
Event: 138.522 GC heap before
{Heap before GC invocations=39 (full 0):
 garbage-first heap   total 396288K, used 309915K [0x0000000080000000, 0x0000000100000000)
  region size 1024K, 178 young (182272K), 27 survivors (27648K)
 Metaspace       used 122151K, committed 123136K, reserved 1179648K
  class space    used 16615K, committed 17088K, reserved 1048576K
}
Event: 138.565 GC heap after
{Heap after GC invocations=40 (full 0):
 garbage-first heap   total 396288K, used 166975K [0x0000000080000000, 0x0000000100000000)
  region size 1024K, 11 young (11264K), 11 survivors (11264K)
 Metaspace       used 122151K, committed 123136K, reserved 1179648K
  class space    used 16615K, committed 17088K, reserved 1048576K
}
Event: 146.295 GC heap before
{Heap before GC invocations=40 (full 0):
 garbage-first heap   total 396288K, used 316479K [0x0000000080000000, 0x0000000100000000)
  region size 1024K, 157 young (160768K), 11 survivors (11264K)
 Metaspace       used 122158K, committed 123200K, reserved 1179648K
  class space    used 16616K, committed 17088K, reserved 1048576K
}
Event: 146.321 GC heap after
{Heap after GC invocations=41 (full 0):
 garbage-first heap   total 396288K, used 173365K [0x0000000080000000, 0x0000000100000000)
  region size 1024K, 7 young (7168K), 7 survivors (7168K)
 Metaspace       used 122158K, committed 123200K, reserved 1179648K
  class space    used 16616K, committed 17088K, reserved 1048576K
}
Event: 157.537 GC heap before
{Heap before GC invocations=41 (full 0):
 garbage-first heap   total 396288K, used 321845K [0x0000000080000000, 0x0000000100000000)
  region size 1024K, 152 young (155648K), 7 survivors (7168K)
 Metaspace       used 122165K, committed 123200K, reserved 1179648K
  class space    used 16616K, committed 17088K, reserved 1048576K
}
Event: 157.552 GC heap after
{Heap after GC invocations=42 (full 0):
 garbage-first heap   total 396288K, used 176437K [0x0000000080000000, 0x0000000100000000)
  region size 1024K, 10 young (10240K), 10 survivors (10240K)
 Metaspace       used 122165K, committed 123200K, reserved 1179648K
  class space    used 16616K, committed 17088K, reserved 1048576K
}
Event: 167.056 GC heap before
{Heap before GC invocations=42 (full 0):
 garbage-first heap   total 396288K, used 324917K [0x0000000080000000, 0x0000000100000000)
  region size 1024K, 155 young (158720K), 10 survivors (10240K)
 Metaspace       used 122166K, committed 123200K, reserved 1179648K
  class space    used 16616K, committed 17088K, reserved 1048576K
}
Event: 167.083 GC heap after
{Heap after GC invocations=43 (full 0):
 garbage-first heap   total 396288K, used 180401K [0x0000000080000000, 0x0000000100000000)
  region size 1024K, 14 young (14336K), 14 survivors (14336K)
 Metaspace       used 122166K, committed 123200K, reserved 1179648K
  class space    used 16616K, committed 17088K, reserved 1048576K
}
Event: 176.705 GC heap before
{Heap before GC invocations=43 (full 0):
 garbage-first heap   total 396288K, used 326833K [0x0000000080000000, 0x0000000100000000)
  region size 1024K, 157 young (160768K), 14 survivors (14336K)
 Metaspace       used 122166K, committed 123200K, reserved 1179648K
  class space    used 16616K, committed 17088K, reserved 1048576K
}
Event: 176.722 GC heap after
{Heap after GC invocations=44 (full 0):
 garbage-first heap   total 396288K, used 184291K [0x0000000080000000, 0x0000000100000000)
  region size 1024K, 11 young (11264K), 11 survivors (11264K)
 Metaspace       used 122166K, committed 123200K, reserved 1179648K
  class space    used 16616K, committed 17088K, reserved 1048576K
}
Event: 184.843 GC heap before
{Heap before GC invocations=44 (full 0):
 garbage-first heap   total 396288K, used 328675K [0x0000000080000000, 0x0000000100000000)
  region size 1024K, 152 young (155648K), 11 survivors (11264K)
 Metaspace       used 122169K, committed 123200K, reserved 1179648K
  class space    used 16616K, committed 17088K, reserved 1048576K
}
Event: 184.859 GC heap after
{Heap after GC invocations=45 (full 0):
 garbage-first heap   total 396288K, used 188725K [0x0000000080000000, 0x0000000100000000)
  region size 1024K, 11 young (11264K), 11 survivors (11264K)
 Metaspace       used 122169K, committed 123200K, reserved 1179648K
  class space    used 16616K, committed 17088K, reserved 1048576K
}
Event: 194.719 GC heap before
{Heap before GC invocations=45 (full 0):
 garbage-first heap   total 396288K, used 332085K [0x0000000080000000, 0x0000000100000000)
  region size 1024K, 150 young (153600K), 11 survivors (11264K)
 Metaspace       used 125122K, committed 126144K, reserved 1179648K
  class space    used 16905K, committed 17344K, reserved 1048576K
}

