# JRE version: OpenJDK Runtime Environment (17.0.10) (build 17.0.10+0--11572160)
# Java VM: OpenJDK 64-Bit Server VM (17.0.10+0--11572160, mixed mode, tiered, compressed oops, compressed class ptrs, g1 gc, windows-amd64)
GC Precious Log:
 CPUs: 4 total, 4 available
 Memory: 8071M
 Large Page Support: Disabled
 NUMA Support: Disabled
 Compressed Oops: Enabled (32-bit)
 Heap Region Size: 1M
 Heap Min Capacity: 8M
 Heap Initial Capacity: 128M
 Heap Max Capacity: 2G
 Pre-touch: Disabled
 Parallel Workers: 4
 Concurrent Workers: 1
 Concurrent Refinement Workers: 4
 Periodic GC: Disabled
Heap:
 garbage-first heap   total 221184K, used 179870K [0x0000000080000000, 0x0000000100000000)
  region size 1024K, 98 young (100352K), 9 survivors (9216K)
 Metaspace       used 92308K, committed 93056K, reserved 1179648K
  class space    used 12709K, committed 13056K, reserved 1048576K
GC Heap History (20 events):
Event: 25.950 GC heap after
{Heap after GC invocations=26 (full 0):
 garbage-first heap   total 109568K, used 64814K [0x0000000080000000, 0x0000000100000000)
  region size 1024K, 1 young (1024K), 1 survivors (1024K)
 Metaspace       used 59452K, committed 60032K, reserved 1114112K
  class space    used 8123K, committed 8384K, reserved 1048576K
}
Event: 26.855 GC heap before
{Heap before GC invocations=26 (full 0):
 garbage-first heap   total 109568K, used 85294K [0x0000000080000000, 0x0000000100000000)
  region size 1024K, 22 young (22528K), 1 survivors (1024K)
 Metaspace       used 61270K, committed 61824K, reserved 1114112K
  class space    used 8352K, committed 8640K, reserved 1048576K
}
Event: 26.864 GC heap after
{Heap after GC invocations=27 (full 0):
 garbage-first heap   total 109568K, used 65660K [0x0000000080000000, 0x0000000100000000)
  region size 1024K, 2 young (2048K), 2 survivors (2048K)
 Metaspace       used 61270K, committed 61824K, reserved 1114112K
  class space    used 8352K, committed 8640K, reserved 1048576K
}
Event: 27.782 GC heap before
{Heap before GC invocations=28 (full 0):
 garbage-first heap   total 116736K, used 86140K [0x0000000080000000, 0x0000000100000000)
  region size 1024K, 23 young (23552K), 2 survivors (2048K)
 Metaspace       used 63619K, committed 64192K, reserved 1114112K
  class space    used 8601K, committed 8896K, reserved 1048576K
}
Event: 27.785 GC heap after
{Heap after GC invocations=29 (full 0):
 garbage-first heap   total 116736K, used 65833K [0x0000000080000000, 0x0000000100000000)
  region size 1024K, 2 young (2048K), 2 survivors (2048K)
 Metaspace       used 63619K, committed 64192K, reserved 1114112K
  class space    used 8601K, committed 8896K, reserved 1048576K
}
Event: 27.862 GC heap before
{Heap before GC invocations=29 (full 0):
 garbage-first heap   total 116736K, used 68905K [0x0000000080000000, 0x0000000100000000)
  region size 1024K, 5 young (5120K), 2 survivors (2048K)
 Metaspace       used 63979K, committed 64576K, reserved 1114112K
  class space    used 8624K, committed 8896K, reserved 1048576K
}
Event: 27.865 GC heap after
{Heap after GC invocations=30 (full 0):
 garbage-first heap   total 116736K, used 65211K [0x0000000080000000, 0x0000000100000000)
  region size 1024K, 1 young (1024K), 1 survivors (1024K)
 Metaspace       used 63979K, committed 64576K, reserved 1114112K
  class space    used 8624K, committed 8896K, reserved 1048576K
}
Event: 29.034 GC heap before
{Heap before GC invocations=30 (full 0):
 garbage-first heap   total 116736K, used 93883K [0x0000000080000000, 0x0000000100000000)
  region size 1024K, 29 young (29696K), 1 survivors (1024K)
 Metaspace       used 67045K, committed 67648K, reserved 1114112K
  class space    used 9049K, committed 9344K, reserved 1048576K
}
Event: 29.038 GC heap after
{Heap after GC invocations=31 (full 0):
 garbage-first heap   total 116736K, used 66222K [0x0000000080000000, 0x0000000100000000)
  region size 1024K, 2 young (2048K), 2 survivors (2048K)
 Metaspace       used 67045K, committed 67648K, reserved 1114112K
  class space    used 9049K, committed 9344K, reserved 1048576K
}
Event: 30.023 GC heap before
{Heap before GC invocations=31 (full 0):
 garbage-first heap   total 116736K, used 100014K [0x0000000080000000, 0x0000000100000000)
  region size 1024K, 30 young (30720K), 2 survivors (2048K)
 Metaspace       used 69238K, committed 69824K, reserved 1114112K
  class space    used 9345K, committed 9664K, reserved 1048576K
}
Event: 30.030 GC heap after
{Heap after GC invocations=32 (full 0):
 garbage-first heap   total 116736K, used 71244K [0x0000000080000000, 0x0000000100000000)
  region size 1024K, 4 young (4096K), 4 survivors (4096K)
 Metaspace       used 69238K, committed 69824K, reserved 1114112K
  class space    used 9345K, committed 9664K, reserved 1048576K
}
Event: 30.650 GC heap before
{Heap before GC invocations=32 (full 0):
 garbage-first heap   total 116736K, used 93772K [0x0000000080000000, 0x0000000100000000)
  region size 1024K, 27 young (27648K), 4 survivors (4096K)
 Metaspace       used 71071K, committed 71680K, reserved 1114112K
  class space    used 9566K, committed 9856K, reserved 1048576K
}
Event: 30.658 GC heap after
{Heap after GC invocations=33 (full 0):
 garbage-first heap   total 116736K, used 72623K [0x0000000080000000, 0x0000000100000000)
  region size 1024K, 2 young (2048K), 2 survivors (2048K)
 Metaspace       used 71071K, committed 71680K, reserved 1114112K
  class space    used 9566K, committed 9856K, reserved 1048576K
}
Event: 31.469 GC heap before
{Heap before GC invocations=33 (full 0):
 garbage-first heap   total 116736K, used 94127K [0x0000000080000000, 0x0000000100000000)
  region size 1024K, 24 young (24576K), 2 survivors (2048K)
 Metaspace       used 72647K, committed 73216K, reserved 1114112K
  class space    used 9749K, committed 10048K, reserved 1048576K
}
Event: 31.474 GC heap after
{Heap after GC invocations=34 (full 0):
 garbage-first heap   total 221184K, used 73619K [0x0000000080000000, 0x0000000100000000)
  region size 1024K, 3 young (3072K), 3 survivors (3072K)
 Metaspace       used 72647K, committed 73216K, reserved 1114112K
  class space    used 9749K, committed 10048K, reserved 1048576K
}
Event: 36.183 GC heap before
{Heap before GC invocations=34 (full 0):
 garbage-first heap   total 221184K, used 180115K [0x0000000080000000, 0x0000000100000000)
  region size 1024K, 103 young (105472K), 3 survivors (3072K)
 Metaspace       used 81924K, committed 82496K, reserved 1179648K
  class space    used 11041K, committed 11328K, reserved 1048576K
}
Event: 36.196 GC heap after
{Heap after GC invocations=35 (full 0):
 garbage-first heap   total 221184K, used 84288K [0x0000000080000000, 0x0000000100000000)
  region size 1024K, 9 young (9216K), 9 survivors (9216K)
 Metaspace       used 81924K, committed 82496K, reserved 1179648K
  class space    used 11041K, committed 11328K, reserved 1048576K
}
Event: 39.381 GC heap before
{Heap before GC invocations=35 (full 0):
 garbage-first heap   total 221184K, used 176448K [0x0000000080000000, 0x0000000100000000)
  region size 1024K, 99 young (101376K), 9 survivors (9216K)
 Metaspace       used 85931K, committed 86528K, reserved 1179648K
  class space    used 11615K, committed 11904K, reserved 1048576K
}
Event: 39.397 GC heap after
{Heap after GC invocations=36 (full 0):
 garbage-first heap   total 221184K, used 88734K [0x0000000080000000, 0x0000000100000000)
  region size 1024K, 11 young (11264K), 11 survivors (11264K)
 Metaspace       used 85931K, committed 86528K, reserved 1179648K
  class space    used 11615K, committed 11904K, reserved 1048576K
}
Event: 43.868 GC heap before
{Heap before GC invocations=36 (full 0):
 garbage-first heap   total 221184K, used 179870K [0x0000000080000000, 0x0000000100000000)
  region size 1024K, 100 young (102400K), 11 survivors (11264K)
 Metaspace       used 92308K, committed 93056K, reserved 1179648K
  class space    used 12709K, committed 13056K, reserved 1048576K
}

